<?xml version="1.0" encoding="UTF-8"?>
<testsuite xmlns:xsi="http://www.w3.org/2001/XMLSchema-instance" xsi:noNamespaceSchemaLocation="https://maven.apache.org/surefire/maven-surefire-plugin/xsd/surefire-test-report.xsd" name="com.banking.Level1Test" time="0.061" tests="17" errors="17" skipped="0" failures="0">
  <properties>
[...]
</properties>
  <testcase name="testTransferUpdatesAccounts" classname="com.banking.Level1Test" time="0.021">
    <error message="createAccount not implemented yet" type="java.lang.UnsupportedOperationException">java.lang.UnsupportedOperationException: createAccount not implemented yet
	at com.banking.Level1Test.testTransferUpdatesAccounts(Level1Test.java:118)
</error>
  </testcase>
  <testcase name="testTransferZeroAmount" classname="com.banking.Level1Test" time="0">
    <error message="createAccount not implemented yet" type="java.lang.UnsupportedOperationException">java.lang.UnsupportedOperationException: createAccount not implemented yet
	at com.banking.Level1Test.testTransferZeroAmount(Level1Test.java:165)
</error>
  </testcase>
  <testcase name="testTransferToNonExistentAccount" classname="com.banking.Level1Test" time="0.002">
    <error message="createAccount not implemented yet" type="java.lang.UnsupportedOperationException">java.lang.UnsupportedOperationException: createAccount not implemented yet
	at com.banking.Level1Test.testTransferToNonExistentAccount(Level1Test.java:156)
</error>
  </testcase>
  <testcase name="testCreateAccount" classname="com.banking.Level1Test" time="0.003">
    <error message="createAccount not implemented yet" type="java.lang.UnsupportedOperationException">java.lang.UnsupportedOperationException: createAccount not implemented yet
	at com.banking.Level1Test.testCreateAccount(Level1Test.java:34)
</error>
  </testcase>
  <testcase name="testTransferFromNonExistentAccount" classname="com.banking.Level1Test" time="0">
    <error message="createAccount not implemented yet" type="java.lang.UnsupportedOperationException">java.lang.UnsupportedOperationException: createAccount not implemented yet
	at com.banking.Level1Test.testTransferFromNonExistentAccount(Level1Test.java:148)
</error>
  </testcase>
  <testcase name="testDepositToNonExistentAccount" classname="com.banking.Level1Test" time="0.002">
    <error message="deposit not implemented yet" type="java.lang.UnsupportedOperationException">java.lang.UnsupportedOperationException: deposit not implemented yet
	at com.banking.Level1Test.testDepositToNonExistentAccount(Level1Test.java:80)
</error>
  </testcase>
  <testcase name="testComplexTransactionSequence" classname="com.banking.Level1Test" time="0.001">
    <error message="createAccount not implemented yet" type="java.lang.UnsupportedOperationException">java.lang.UnsupportedOperationException: createAccount not implemented yet
	at com.banking.Level1Test.testComplexTransactionSequence(Level1Test.java:202)
</error>
  </testcase>
  <testcase name="testCreateDuplicateAccount" classname="com.banking.Level1Test" time="0.001">
    <error message="createAccount not implemented yet" type="java.lang.UnsupportedOperationException">java.lang.UnsupportedOperationException: createAccount not implemented yet
	at com.banking.Level1Test.testCreateDuplicateAccount(Level1Test.java:41)
</error>
  </testcase>
  <testcase name="testTransferInsufficientFunds" classname="com.banking.Level1Test" time="0">
    <error message="createAccount not implemented yet" type="java.lang.UnsupportedOperationException">java.lang.UnsupportedOperationException: createAccount not implemented yet
	at com.banking.Level1Test.testTransferInsufficientFunds(Level1Test.java:136)
</error>
  </testcase>
  <testcase name="testTransferExactBalance" classname="com.banking.Level1Test" time="0">
    <error message="createAccount not implemented yet" type="java.lang.UnsupportedOperationException">java.lang.UnsupportedOperationException: createAccount not implemented yet
	at com.banking.Level1Test.testTransferExactBalance(Level1Test.java:187)
</error>
  </testcase>
  <testcase name="testDepositZeroAmount" classname="com.banking.Level1Test" time="0.001">
    <error message="createAccount not implemented yet" type="java.lang.UnsupportedOperationException">java.lang.UnsupportedOperationException: createAccount not implemented yet
	at com.banking.Level1Test.testDepositZeroAmount(Level1Test.java:87)
</error>
  </testcase>
  <testcase name="testDepositNegativeAmount" classname="com.banking.Level1Test" time="0.002">
    <error message="createAccount not implemented yet" type="java.lang.UnsupportedOperationException">java.lang.UnsupportedOperationException: createAccount not implemented yet
	at com.banking.Level1Test.testDepositNegativeAmount(Level1Test.java:95)
</error>
  </testcase>
  <testcase name="testDeposit" classname="com.banking.Level1Test" time="0.001">
    <error message="createAccount not implemented yet" type="java.lang.UnsupportedOperationException">java.lang.UnsupportedOperationException: createAccount not implemented yet
	at com.banking.Level1Test.testDeposit(Level1Test.java:59)
</error>
  </testcase>
  <testcase name="testTransferNegativeAmount" classname="com.banking.Level1Test" time="0">
    <error message="createAccount not implemented yet" type="java.lang.UnsupportedOperationException">java.lang.UnsupportedOperationException: createAccount not implemented yet
	at com.banking.Level1Test.testTransferNegativeAmount(Level1Test.java:176)
</error>
  </testcase>
  <testcase name="testMultipleDeposits" classname="com.banking.Level1Test" time="0">
    <error message="createAccount not implemented yet" type="java.lang.UnsupportedOperationException">java.lang.UnsupportedOperationException: createAccount not implemented yet
	at com.banking.Level1Test.testMultipleDeposits(Level1Test.java:69)
</error>
  </testcase>
  <testcase name="testTransfer" classname="com.banking.Level1Test" time="0.003">
    <error message="createAccount not implemented yet" type="java.lang.UnsupportedOperationException">java.lang.UnsupportedOperationException: createAccount not implemented yet
	at com.banking.Level1Test.testTransfer(Level1Test.java:105)
</error>
  </testcase>
  <testcase name="testCreateMultipleAccounts" classname="com.banking.Level1Test" time="0">
    <error message="createAccount not implemented yet" type="java.lang.UnsupportedOperationException">java.lang.UnsupportedOperationException: createAccount not implemented yet
	at com.banking.Level1Test.testCreateMultipleAccounts(Level1Test.java:49)
</error>
  </testcase>
</testsuite>